<?xml version="1.0" encoding="UTF-8"?>
<!-- Generated by org.testng.reporters.JUnitReportReporter -->
<testsuite hostname="fv-az1992-441" failures="0" tests="2" name="com.selenium.webbrowser.v3.Test08MiscFunction" time="2.812" errors="0" timestamp="2025-06-06T02:26:50 UTC" skipped="0">
  <testcase classname="com.selenium.webbrowser.v3.Test08MiscFunction" name="miscFunct" time="0.448"/>
  <testcase classname="com.selenium.webbrowser.v3.Test08MiscFunction" name="GetTotalLinksAndName" time="2.364"/>
</testsuite> <!-- com.selenium.webbrowser.v3.Test08MiscFunction -->
