<?xml version="1.0" encoding="UTF-8"?>
<!-- Generated by org.testng.reporters.JUnitReportReporter -->
<testsuite hostname="runnervm4i34c" failures="0" tests="1" name="com.selenium.webbrowser.v3.Test07CheckBxRadioBtn" time="33.446" errors="0" timestamp="2025-08-10T02:37:20 UTC" skipped="0">
  <testcase classname="com.selenium.webbrowser.v3.Test07CheckBxRadioBtn" name="CheckBxAndRadioBtn" time="33.446"/>
</testsuite> <!-- com.selenium.webbrowser.v3.Test07CheckBxRadioBtn -->
