<?xml version="1.0" encoding="UTF-8"?>
<!-- Generated by org.testng.reporters.JUnitReportReporter -->
<testsuite hostname="fv-az1992-48" failures="0" tests="1" name="com.selenium.webbrowser.v3.Test07CheckBxRadioBtn" time="32.922" errors="0" timestamp="2025-05-20T04:38:44 UTC" skipped="0">
  <testcase classname="com.selenium.webbrowser.v3.Test07CheckBxRadioBtn" name="CheckBxAndRadioBtn" time="32.922"/>
</testsuite> <!-- com.selenium.webbrowser.v3.Test07CheckBxRadioBtn -->
