<?xml version="1.0" encoding="UTF-8"?>
<!-- Generated by org.testng.reporters.JUnitReportReporter -->
<testsuite hostname="runnervm4i34c" failures="0" tests="2" name="com.selenium.webbrowser.v3.Test08MiscFunction" time="6.136" errors="0" timestamp="2025-08-10T18:06:57 UTC" skipped="0">
  <testcase classname="com.selenium.webbrowser.v3.Test08MiscFunction" name="miscFunct" time="0.984"/>
  <testcase classname="com.selenium.webbrowser.v3.Test08MiscFunction" name="GetTotalLinksAndName" time="5.152"/>
</testsuite> <!-- com.selenium.webbrowser.v3.Test08MiscFunction -->
