<?xml version="1.0" encoding="UTF-8"?>
<!-- Generated by org.testng.reporters.JUnitReportReporter -->
<testsuite hostname="runnervm4i34c" failures="0" tests="2" name="com.selenium.webbrowser.v3.Test08MiscFunction" time="5.120" errors="0" timestamp="2025-08-10T02:37:20 UTC" skipped="0">
  <testcase classname="com.selenium.webbrowser.v3.Test08MiscFunction" name="miscFunct" time="0.453"/>
  <testcase classname="com.selenium.webbrowser.v3.Test08MiscFunction" name="GetTotalLinksAndName" time="4.667"/>
</testsuite> <!-- com.selenium.webbrowser.v3.Test08MiscFunction -->
