<?xml version="1.0" encoding="UTF-8"?>
<!-- Generated by org.testng.reporters.JUnitReportReporter -->
<testsuite hostname="fv-az534-69" failures="0" tests="1" name="com.selenium.webbrowser.v3.Test07CheckBxRadioBtn" time="68.004" errors="0" timestamp="2025-04-18T05:35:43 UTC" skipped="0">
  <testcase classname="com.selenium.webbrowser.v3.Test07CheckBxRadioBtn" name="CheckBxAndRadioBtn" time="68.004"/>
</testsuite> <!-- com.selenium.webbrowser.v3.Test07CheckBxRadioBtn -->
