<?xml version="1.0" encoding="UTF-8"?>
<!-- Generated by org.testng.reporters.JUnitReportReporter -->
<testsuite hostname="fv-az1992-48" failures="0" tests="2" name="com.selenium.webbrowser.v3.Test08MiscFunction" time="4.517" errors="0" timestamp="2025-05-20T04:38:44 UTC" skipped="0">
  <testcase classname="com.selenium.webbrowser.v3.Test08MiscFunction" name="miscFunct" time="0.459"/>
  <testcase classname="com.selenium.webbrowser.v3.Test08MiscFunction" name="GetTotalLinksAndName" time="4.058"/>
</testsuite> <!-- com.selenium.webbrowser.v3.Test08MiscFunction -->
