<?xml version="1.0" encoding="UTF-8"?>
<!-- Generated by org.testng.reporters.JUnitReportReporter -->
<testsuite hostname="fv-az663-305" failures="0" tests="2" name="com.selenium.webbrowser.v3.Test08MiscFunction" time="4.926" errors="0" timestamp="2025-05-19T05:35:29 UTC" skipped="0">
  <testcase classname="com.selenium.webbrowser.v3.Test08MiscFunction" name="miscFunct" time="0.521"/>
  <testcase classname="com.selenium.webbrowser.v3.Test08MiscFunction" name="GetTotalLinksAndName" time="4.405"/>
</testsuite> <!-- com.selenium.webbrowser.v3.Test08MiscFunction -->
