<?xml version="1.0" encoding="UTF-8"?>
<!-- Generated by org.testng.reporters.JUnitReportReporter -->
<testsuite hostname="fv-az663-305" failures="0" tests="1" name="com.selenium.webbrowser.v3.Test07CheckBxRadioBtn" time="36.252" errors="0" timestamp="2025-05-19T05:35:29 UTC" skipped="0">
  <testcase classname="com.selenium.webbrowser.v3.Test07CheckBxRadioBtn" name="CheckBxAndRadioBtn" time="36.252"/>
</testsuite> <!-- com.selenium.webbrowser.v3.Test07CheckBxRadioBtn -->
