<?xml version="1.0" encoding="UTF-8"?>
<!-- Generated by org.testng.reporters.JUnitReportReporter -->
<testsuite hostname="runnervm4i34c" failures="0" tests="2" name="com.selenium.webbrowser.v3.Test08MiscFunction" time="3.048" errors="0" timestamp="2025-08-10T18:22:07 UTC" skipped="0">
  <testcase classname="com.selenium.webbrowser.v3.Test08MiscFunction" name="GetTotalLinksAndName" time="2.515"/>
  <testcase classname="com.selenium.webbrowser.v3.Test08MiscFunction" name="miscFunct" time="0.533"/>
</testsuite> <!-- com.selenium.webbrowser.v3.Test08MiscFunction -->
