<?xml version="1.0" encoding="UTF-8"?>
<!-- Generated by org.testng.reporters.JUnitReportReporter -->
<testsuite hostname="fv-az534-69" failures="0" tests="2" name="com.selenium.webbrowser.v3.Test08MiscFunction" time="16.191" errors="0" timestamp="2025-04-18T05:35:43 UTC" skipped="0">
  <testcase classname="com.selenium.webbrowser.v3.Test08MiscFunction" name="miscFunct" time="0.356"/>
  <testcase classname="com.selenium.webbrowser.v3.Test08MiscFunction" name="GetTotalLinksAndName" time="15.835"/>
</testsuite> <!-- com.selenium.webbrowser.v3.Test08MiscFunction -->
